<?xml version="1.0" encoding="UTF-8"?>
<!-- Generated by org.testng.reporters.JUnitReportReporter -->
<testsuite hostname="thangaraj" name="script.ScriptRunner" tests="1" failures="0" timestamp="6 Mar 2018 14:28:44 GMT" time="5.989" errors="0">
  <testcase name="executeTestCase" time="5.989" classname="script.ScriptRunner"/>
</testsuite> <!-- script.ScriptRunner -->
