<?xml version="1.0" encoding="UTF-8"?>
<!-- Generated by org.testng.reporters.JUnitReportReporter -->
<testsuite hostname="thangaraj" name="script.ScriptRunner" tests="1" failures="0" timestamp="6 Mar 2018 16:12:57 GMT" time="204.494" errors="0">
  <testcase name="executeTestCase" time="204.494" classname="script.ScriptRunner"/>
</testsuite> <!-- script.ScriptRunner -->
