<?xml version="1.0" encoding="UTF-8"?>
<!-- Generated by org.testng.reporters.JUnitReportReporter -->
<testsuite hostname="thangaraj" name="script.ScriptRunner" tests="1" failures="0" timestamp="6 Mar 2018 17:22:31 GMT" time="199.703" errors="0">
  <testcase name="executeTestCase" time="199.703" classname="script.ScriptRunner"/>
</testsuite> <!-- script.ScriptRunner -->
